Flow report for uart_implementation
Wed Oct 18 16:08:19 2017
Quartus II 64-Bit Version 15.0.0 Build 145 04/22/2015 SJ Full Version


---------------------
; Table of Contents ;
---------------------
  1. Legal Notice
  2. Flow Summary
  3. Flow Settings
  4. Flow Non-Default Global Settings
  5. Flow Elapsed Time
  6. Flow OS Summary
  7. Flow Log
  8. Flow Messages
  9. Flow Suppressed Messages



----------------
; Legal Notice ;
----------------
Copyright (C) 1991-2015 Altera Corporation. All rights reserved.
Your use of Altera Corporation's design tools, logic functions 
and other software and tools, and its AMPP partner logic 
functions, and any output files from any of the foregoing 
(including device programming or simulation files), and any 
associated documentation or information are expressly subject 
to the terms and conditions of the Altera Program License 
Subscription Agreement, the Altera Quartus II License Agreement,
the Altera MegaCore Function License Agreement, or other 
applicable license agreement, including, without limitation, 
that your use is for the sole purpose of programming logic 
devices manufactured by Altera and sold by Altera or its 
authorized distributors.  Please refer to the applicable 
agreement for further details.



+----------------------------------------------------------------------------------+
; Flow Summary                                                                     ;
+------------------------------------+---------------------------------------------+
; Flow Status                        ; Successful - Wed Oct 18 16:08:19 2017       ;
; Quartus II 64-Bit Version          ; 15.0.0 Build 145 04/22/2015 SJ Full Version ;
; Revision Name                      ; uart_implementation                         ;
; Top-level Entity Name              ; uart_implementation                         ;
; Family                             ; Cyclone IV E                                ;
; Device                             ; EP4CE115F29C7                               ;
; Timing Models                      ; Final                                       ;
; Total logic elements               ; 89 / 114,480 ( < 1 % )                      ;
;     Total combinational functions  ; 85 / 114,480 ( < 1 % )                      ;
;     Dedicated logic registers      ; 51 / 114,480 ( < 1 % )                      ;
; Total registers                    ; 51                                          ;
; Total pins                         ; 28 / 529 ( 5 % )                            ;
; Total virtual pins                 ; 0                                           ;
; Total memory bits                  ; 0 / 3,981,312 ( 0 % )                       ;
; Embedded Multiplier 9-bit elements ; 0 / 532 ( 0 % )                             ;
; Total PLLs                         ; 0 / 4 ( 0 % )                               ;
+------------------------------------+---------------------------------------------+


+-----------------------------------------+
; Flow Settings                           ;
+-------------------+---------------------+
; Option            ; Setting             ;
+-------------------+---------------------+
; Start date & time ; 10/18/2017 16:07:08 ;
; Main task         ; Compilation         ;
; Revision Name     ; uart_implementation ;
+-------------------+---------------------+


+----------------------------------------------------------------------------------------------------------------------------------------------------------+
; Flow Non-Default Global Settings                                                                                                                         ;
+-------------------------------------+---------------------------------------------------------------------+---------------+-------------+----------------+
; Assignment Name                     ; Value                                                               ; Default Value ; Entity Name ; Section Id     ;
+-------------------------------------+---------------------------------------------------------------------+---------------+-------------+----------------+
; COMPILER_SIGNATURE_ID               ; 128534984872185.150832302815036                                     ; --            ; --          ; --             ;
; EDA_OUTPUT_DATA_FORMAT              ; Vhdl                                                                ; --            ; --          ; eda_simulation ;
; EDA_SIMULATION_TOOL                 ; ModelSim-Altera (VHDL)                                              ; <None>        ; --          ; --             ;
; MAX_CORE_JUNCTION_TEMP              ; 85                                                                  ; --            ; --          ; --             ;
; MIN_CORE_JUNCTION_TEMP              ; 0                                                                   ; --            ; --          ; --             ;
; MISC_FILE                           ; C:/Users/HP b/Desktop/FPGA Work Ashwin/UART/uart_implementation.dpf ; --            ; --          ; --             ;
; MISC_FILE                           ; E:/Semester-4 ENTC/CWwork/elec iii/UART/uart_implementation.dpf     ; --            ; --          ; --             ;
; NOMINAL_CORE_SUPPLY_VOLTAGE         ; 1.2V                                                                ; --            ; --          ; --             ;
; PARTITION_COLOR                     ; 16764057                                                            ; --            ; --          ; Top            ;
; PARTITION_FITTER_PRESERVATION_LEVEL ; PLACEMENT_AND_ROUTING                                               ; --            ; --          ; Top            ;
; PARTITION_NETLIST_TYPE              ; SOURCE                                                              ; --            ; --          ; Top            ;
; POWER_BOARD_THERMAL_MODEL           ; None (CONSERVATIVE)                                                 ; --            ; --          ; --             ;
; POWER_PRESET_COOLING_SOLUTION       ; 23 MM HEAT SINK WITH 200 LFPM AIRFLOW                               ; --            ; --          ; --             ;
+-------------------------------------+---------------------------------------------------------------------+---------------+-------------+----------------+


+-------------------------------------------------------------------------------------------------------------------------------+
; Flow Elapsed Time                                                                                                             ;
+---------------------------+--------------+-------------------------+---------------------+------------------------------------+
; Module Name               ; Elapsed Time ; Average Processors Used ; Peak Virtual Memory ; Total CPU Time (on all processors) ;
+---------------------------+--------------+-------------------------+---------------------+------------------------------------+
; Analysis & Synthesis      ; 00:00:18     ; 1.0                     ; 696 MB              ; 00:00:40                           ;
; Fitter                    ; 00:00:27     ; 1.1                     ; 1462 MB             ; 00:00:30                           ;
; Assembler                 ; 00:00:09     ; 1.0                     ; 642 MB              ; 00:00:08                           ;
; TimeQuest Timing Analyzer ; 00:00:04     ; 1.0                     ; 806 MB              ; 00:00:04                           ;
; EDA Netlist Writer        ; 00:00:02     ; 1.0                     ; 609 MB              ; 00:00:02                           ;
; Total                     ; 00:01:00     ; --                      ; --                  ; 00:01:24                           ;
+---------------------------+--------------+-------------------------+---------------------+------------------------------------+


+----------------------------------------------------------------------------------------+
; Flow OS Summary                                                                        ;
+---------------------------+------------------+-----------+------------+----------------+
; Module Name               ; Machine Hostname ; OS Name   ; OS Version ; Processor type ;
+---------------------------+------------------+-----------+------------+----------------+
; Analysis & Synthesis      ; DESKTOP-TELI507  ; Windows 7 ; 6.2        ; x86_64         ;
; Fitter                    ; DESKTOP-TELI507  ; Windows 7 ; 6.2        ; x86_64         ;
; Assembler                 ; DESKTOP-TELI507  ; Windows 7 ; 6.2        ; x86_64         ;
; TimeQuest Timing Analyzer ; DESKTOP-TELI507  ; Windows 7 ; 6.2        ; x86_64         ;
; EDA Netlist Writer        ; DESKTOP-TELI507  ; Windows 7 ; 6.2        ; x86_64         ;
+---------------------------+------------------+-----------+------------+----------------+


------------
; Flow Log ;
------------
quartus_map --read_settings_files=on --write_settings_files=off uart_implementation -c uart_implementation
quartus_fit --read_settings_files=off --write_settings_files=off uart_implementation -c uart_implementation
quartus_asm --read_settings_files=off --write_settings_files=off uart_implementation -c uart_implementation
quartus_sta uart_implementation -c uart_implementation
quartus_eda --read_settings_files=off --write_settings_files=off uart_implementation -c uart_implementation



